This is pdfTeX, Version 3.141592653-2.6-1.40.24 (MiKTeX 22.1) (preloaded format=pdflatex 2022.3.11)  11 MAR 2022 16:21
entering extended mode
 \write18 enabled.
 %&-line parsing enabled.
**./Rapport.tex
(Rapport.tex
LaTeX2e <2021-11-15> patch level 1
L3 programming layer <2022-02-24> (preamble_ida.tex
(D:\MikTex\tex/latex/memoir\memoir.cls
Document Class: memoir 2022/02/20 v3.7q configurable book, report, article docu
ment class
(D:\MikTex\tex/latex/etoolbox\etoolbox.sty
Package: etoolbox 2020/10/05 v2.5k e-TeX tools for LaTeX (JAW)
\etb@tempcnta=\count185
)
\onelineskip=\skip47
\lxvchars=\skip48
\xlvchars=\skip49
\@memcnta=\count186
\c@@memmarkcntra=\count187

(D:\MikTex\tex/generic/iftex\iftex.sty
Package: iftex 2022/02/03 v1.0f TeX engine tests
)
\stockheight=\skip50
\stockwidth=\skip51
\trimtop=\skip52
\trimedge=\skip53
 (D:\MikTex\tex/latex/base\fleqn.clo
File: fleqn.clo 2016/12/29 v1.2b Standard LaTeX option (flush left equations)
\mathindent=\skip54
Applying: [2015/01/01] Make \[ robust on input line 50.
LaTeX Info: Redefining \[ on input line 51.
Already applied: [0000/00/00] Make \[ robust on input line 62.
Applying: [2015/01/01] Make \] robust on input line 74.
LaTeX Info: Redefining \] on input line 75.
Already applied: [0000/00/00] Make \] robust on input line 83.
)
(D:\MikTex\tex/latex/memoir\mem11.clo
File: mem11.clo 2008/01/30 v0.3 memoir class 11pt size option
)
\binding=\skip55
\spinemargin=\skip56
\foremargin=\skip57
\uppermargin=\skip58
\lowermargin=\skip59
\headdrop=\skip60
\normalrulethickness=\skip61
\mem@maxheadheight=\skip62
\mem@maxfootheight=\skip63
\headwidth=\skip64
\c@storedpagenumber=\count188
\memPD=\dimen138
\m@mabparskip=\skip65
\thanksmarkwidth=\skip66
\thanksmarksep=\skip67
\droptitle=\skip68
\c@book=\count189
\c@part=\count190
\c@chapter=\count191
\c@section=\count192
\c@subsection=\count193
\c@subsubsection=\count194
\c@paragraph=\count195
\c@subparagraph=\count196
\beforechapskip=\skip69
\midchapskip=\skip70
\afterchapskip=\skip71
\chapindent=\skip72
\bottomsectionskip=\skip73
\secindent=\skip74
\beforesecskip=\skip75
\aftersecskip=\skip76
\subsecindent=\skip77
\beforesubsecskip=\skip78
\aftersubsecskip=\skip79
\subsubsecindent=\skip80
\beforesubsubsecskip=\skip81
\aftersubsubsecskip=\skip82
\paraindent=\skip83
\beforeparaskip=\skip84
\afterparaskip=\skip85
\subparaindent=\skip86
\beforesubparaskip=\skip87
\aftersubparaskip=\skip88
\pfbreakskip=\skip89
\c@@ppsavesec=\count197
\c@@ppsaveapp=\count198
\ragrparindent=\dimen139
\everylistparindent=\dimen140
\parsepi=\skip90
\topsepi=\skip91
\itemsepi=\skip92
\parsepii=\skip93
\topsepii=\skip94
\topsepiii=\skip95
\itemsepii=\skip96
\itemsepiii=\skip97
\partopsepii=\skip98
\partopsepiii=\skip99
\m@msavetopsep=\skip100
\m@msavepartopsep=\skip101
\@enLab=\toks16
\abstitleskip=\skip102
\absleftindent=\skip103
\abs@leftindent=\dimen141
\absrightindent=\skip104
\absparindent=\skip105
\absparsep=\skip106
\c@vslineno=\count199
\c@poemline=\count266
\c@modulo@vs=\count267
\c@memfvsline=\count268
\vleftskip=\skip107
\vrightskip=\skip108
\stanzaskip=\skip109
\versewidth=\skip110
\vgap=\skip111
\vindent=\skip112
\vleftmargin=\dimen142
\c@verse=\count269
\c@chrsinstr=\count270
\beforepoemtitleskip=\skip113
\afterpoemtitleskip=\skip114
\c@poem=\count271
\beforePoemTitleskip=\skip115
\midPoemTitleskip=\skip116
\afterPoemTitleskip=\skip117
 (D:\MikTex\tex/latex/tools\array.sty
Package: array 2021/10/04 v2.5f Tabular extension package (FMi)
\col@sep=\dimen143
\ar@mcellbox=\box50
\extrarowheight=\dimen144
\NC@list=\toks17
\extratabsurround=\skip118
\backup@length=\skip119
\ar@cellbox=\box51
)
(D:\MikTex\tex/latex/tools\dcolumn.sty
Package: dcolumn 2014/10/28 v1.06 decimal alignment package (DPC)
) (D:\MikTex\tex/latex/tools\delarray.sty
Package: delarray 2014/10/28 v1.01 array delimiter package (DPC)
) (D:\MikTex\tex/latex/tools\tabularx.sty
Package: tabularx 2020/01/15 v2.11c `tabularx' package (DPC)
\TX@col@width=\dimen145
\TX@old@table=\dimen146
\TX@old@col=\dimen147
\TX@target=\dimen148
\TX@delta=\dimen149
\TX@cols=\count272
\TX@ftn=\toks18
)
\heavyrulewidth=\dimen150
\lightrulewidth=\dimen151
\cmidrulewidth=\dimen152
\belowrulesep=\dimen153
\belowbottomsep=\dimen154
\aboverulesep=\dimen155
\abovetopsep=\dimen156
\cmidrulesep=\dimen157
\cmidrulekern=\dimen158
\defaultaddspace=\dimen159
\@cmidla=\count273
\@cmidlb=\count274
\@aboverulesep=\dimen160
\@belowrulesep=\dimen161
\@thisruleclass=\count275
\@lastruleclass=\count276
\@thisrulewidth=\dimen162
\ctableftskip=\skip120
\ctabrightskip=\skip121
\abovecolumnspenalty=\count277
\@linestogo=\count278
\@cellstogo=\count279
\@cellsincolumn=\count280
\crtok=\toks19
\@mincolumnwidth=\dimen163
\c@newflo@tctr=\count281
\mem@margin@floatbox=\box52
\@contcwidth=\skip122
\@contindw=\skip123
\abovecaptionskip=\skip124
\belowcaptionskip=\skip125
\subfloattopskip=\skip126
\subfloatcapskip=\skip127
\subfloatcaptopadj=\skip128
\subfloatbottomskip=\skip129
\subfloatlabelskip=\skip130
\subfloatcapmargin=\dimen164
\c@@contsubnum=\count282
\m@mscap@capbox=\box53
\m@mscap@fbox=\box54
\sidecapsep=\dimen165
\sidecapwidth=\dimen166
\m@m@tempdima=\dimen167
\m@mscapraise=\dimen168
\sidecapraise=\dimen169
\m@mscapmainwidth=\dimen170
\m@mscaplkern=\dimen171
\beforeepigraphskip=\skip131
\afterepigraphskip=\skip132
\epigraphwidth=\skip133
\epigraphrule=\skip134
LaTeX Info: Redefining \em on input line 7655.
LaTeX Info: Redefining \emph on input line 7663.
\tocentryskip=\skip135
\tocbaseline=\skip136
\cftparskip=\skip137
\cftbeforebookskip=\skip138
\cftbookindent=\dimen172
\cftbooknumwidth=\dimen173
\cftbeforepartskip=\skip139
\cftpartindent=\skip140
\cftpartnumwidth=\skip141
\cftbeforechapterskip=\skip142
\cftchapterindent=\skip143
\cftchapternumwidth=\skip144
\cftbeforesectionskip=\skip145
\cftsectionindent=\skip146
\cftsectionnumwidth=\skip147
\cftbeforesubsectionskip=\skip148
\cftsubsectionindent=\skip149
\cftsubsectionnumwidth=\skip150
\cftbeforesubsubsectionskip=\skip151
\cftsubsubsectionindent=\skip152
\cftsubsubsectionnumwidth=\skip153
\cftbeforeparagraphskip=\skip154
\cftparagraphindent=\skip155
\cftparagraphnumwidth=\skip156
\cftbeforesubparagraphskip=\skip157
\cftsubparagraphindent=\skip158
\cftsubparagraphnumwidth=\skip159
\prechapterprecisshift=\dimen174
\c@maxsecnumdepth=\count283
\bibindent=\dimen175
\bibitemsep=\skip160
\indexcolsep=\skip161
\indexrule=\skip162
\indexmarkstyle=\toks20
\@indexbox=\insert252
\glossarycolsep=\dimen176
\glossaryrule=\dimen177
\sideparvshift=\skip163
\sideins=\insert251
\sidebartopsep=\skip164
\sidebarhsep=\skip165
\sidebarvsep=\skip166
\sidebarwidth=\skip167
\footmarkwidth=\skip168
\footmarksep=\skip169
\footparindent=\skip170
\footinsdim=\skip171
\footinsv@r=\insert250
\@mpfootinsv@r=\insert249
\m@m@k=\count284
\m@m@h=\dimen178
\m@mipn@skip=\skip172
\sidefootins=\insert248
\sidefootadjust=\skip173
\sidefootheight=\skip174
\sidefoothsep=\skip175
\sidefootvsep=\skip176
\sidefootwidth=\skip177
\m@mdownsf=\skip178
\c@sidefootnote=\count285
\sidefootmarkwidth=\skip179
\sidefootmarksep=\skip180
\sidefootparindent=\skip181
\c@pagenote=\count286
\c@pagenoteshadow=\count287
\mem@pn@lastkern=\skip182
\every@verbatim=\toks21
\afterevery@verbatim=\toks22
\verbatim@line=\toks23
\tab@position=\count288
\verbatim@in@stream=\read2
\verbatimindent=\skip183
\verbatim@out=\write3
\bvboxsep=\skip184
\c@memfbvline=\count289
\c@bvlinectr=\count290
\bvnumlength=\skip185
\fb@frw=\dimen179
\fb@frh=\dimen180
\FrameRule=\dimen181
\FrameSep=\dimen182
\c@cp@cntr=\count291
\c@ism@mctr=\count292
\c@xsm@mctr=\count293
\c@csm@mctr=\count294
\c@ksm@mctr=\count295
\c@xksm@mctr=\count296
\c@cksm@mctr=\count297
\c@msm@mctr=\count298
\c@xmsm@mctr=\count299
\c@cmsm@mctr=\count300
\c@bsm@mctr=\count301
\c@workm@mctr=\count302
\c@sheetsequence=\count303
\c@lastsheet=\count304
\c@lastpage=\count305

(D:\MikTex\tex/latex/textcase\textcase.sty
Package: textcase 2019/09/14 v1.00 Text only upper/lower case changing (DPC)
)
\c@figure=\count306
\c@lofdepth=\count307
\cftbeforefigureskip=\skip186
\cftfigureindent=\skip187
\cftfigurenumwidth=\skip188
\c@table=\count308
\c@lotdepth=\count309
\cftbeforetableskip=\skip189
\cfttableindent=\skip190
\cfttablenumwidth=\skip191
Package abstract [2008/07/23] emulated by memoir.
Package appendix [2008/07/23] emulated by memoir.
Package booktabs [2016/05/16] emulated by memoir.
Package ccaption [2008/07/23] emulated by memoir.
Package changepage [2008/07/23] emulated by memoir.
Package chngcntr [2008/07/23] emulated by memoir.
Package chngpage [2008/07/23] emulated by memoir.
Package crop emulated by memoir.
Package enumerate [2008/07/23] emulated by memoir.
Package epigraph [2008/07/23] emulated by memoir.
Package ifmtarg [2008/07/23] emulated by memoir.
Package index [2008/07/23] emulated by memoir.
Package makeidx [2008/07/23] emulated by memoir.
Package moreverb [2008/07/23] emulated by memoir.
Package needspace [2008/07/23] emulated by memoir.
Package newfile [2008/07/23] emulated by memoir.
Package nextpage [2008/07/23] emulated by memoir.
Package pagenote [2008/07/23] emulated by memoir.
Package parskip [2008/07/23] emulated by memoir.
Package patchcmd [2008/07/23] emulated by memoir.
Package setspace [2008/07/23] emulated by memoir.
Package shortvrb [2008/07/23] emulated by memoir.
Package showidx [2008/07/23] emulated by memoir.
Package titleref [2008/07/23] emulated by memoir.
Package titling [2008/07/23] emulated by memoir.
Package tocbibind [2008/07/23] emulated by memoir.
Package tocloft [2008/07/23] emulated by memoir.
Package tocvsec2 [2008/07/23] emulated by memoir.
Package verbatim [2008/07/23] emulated by memoir.
Package verse [2008/07/23] emulated by memoir.
)
(D:\MikTex\tex/latex/placeins\placeins.sty
Package: placeins 2005/04/18  v 2.2
)
(D:\MikTex\tex/latex/base\inputenc.sty
Package: inputenc 2021/02/14 v1.3d Input encoding file
\inpenc@prehook=\toks24
\inpenc@posthook=\toks25
) (D:\MikTex\tex/latex/base\fontenc.sty
Package: fontenc 2021/04/29 v2.0v Standard LaTeX package
)
(D:\MikTex\tex/generic/babel\babel.sty
Package: babel 2022/02/26 3.73 The Babel package
\babel@savecnt=\count310
\U@D=\dimen183
\l@unhyphenated=\language79

(D:\MikTex\tex/generic/babel\txtbabel.def)
\bbl@readstream=\read3
\bbl@dirlevel=\count311

*************************************
* Local config file bblopts.cfg used
*
(D:\MikTex\tex/latex/arabi\bblopts.cfg
File: bblopts.cfg 2005/09/08 v0.1 add Arabic and Farsi to "declared" options of
 babel
)
(D:\MikTex\tex/latex/babel-english\english.ldf
Language: english 2017/06/06 v3.3r English support from the babel system
Package babel Info: Hyphen rules for 'canadian' set to \l@english
(babel)             (\language0). Reported on input line 102.
Package babel Info: Hyphen rules for 'australian' set to \l@ukenglish
(babel)             (\language73). Reported on input line 105.
Package babel Info: Hyphen rules for 'newzealand' set to \l@ukenglish
(babel)             (\language73). Reported on input line 108.
))
(D:\MikTex\tex/latex/ragged2e\ragged2e.sty
Package: ragged2e 2021/12/15 v3.1 ragged2e Package
\CenteringLeftskip=\skip192
\RaggedLeftLeftskip=\skip193
\RaggedRightLeftskip=\skip194
\CenteringRightskip=\skip195
\RaggedLeftRightskip=\skip196
\RaggedRightRightskip=\skip197
\CenteringParfillskip=\skip198
\RaggedLeftParfillskip=\skip199
\RaggedRightParfillskip=\skip256
\JustifyingParfillskip=\skip257
\CenteringParindent=\skip258
\RaggedLeftParindent=\skip259
\RaggedRightParindent=\skip260
\JustifyingParindent=\skip261
)
(D:\MikTex\tex/latex/anyfontsize\anyfontsize.sty
Package: anyfontsize 2007/11/22 anyfontsize.sty by pts
)
(D:\MikTex\tex/latex/tools\multicol.sty
Package: multicol 2021/10/28 v1.9b multicolumn formatting (FMi)
\c@tracingmulticols=\count312
\mult@box=\box55
\multicol@leftmargin=\dimen184
\c@unbalance=\count313
\c@collectmore=\count314
\doublecol@number=\count315
\multicoltolerance=\count316
\multicolpretolerance=\count317
\full@width=\dimen185
\page@free=\dimen186
\premulticols=\dimen187
\postmulticols=\dimen188
\multicolsep=\skip262
\multicolbaselineskip=\skip263
\partial@page=\box56
\last@line=\box57
\maxbalancingoverflow=\dimen189
\mult@rightbox=\box58
\mult@grightbox=\box59
\mult@firstbox=\box60
\mult@gfirstbox=\box61
\@tempa=\box62
\@tempa=\box63
\@tempa=\box64
\@tempa=\box65
\@tempa=\box66
\@tempa=\box67
\@tempa=\box68
\@tempa=\box69
\@tempa=\box70
\@tempa=\box71
\@tempa=\box72
\@tempa=\box73
\@tempa=\box74
\@tempa=\box75
\@tempa=\box76
\@tempa=\box77
\@tempa=\box78
\@tempa=\box79
\@tempa=\box80
\@tempa=\box81
\@tempa=\box82
\@tempa=\box83
\@tempa=\box84
\@tempa=\box85
\@tempa=\box86
\@tempa=\box87
\@tempa=\box88
\@tempa=\box89
\@tempa=\box90
\@tempa=\box91
\@tempa=\box92
\@tempa=\box93
\@tempa=\box94
\@tempa=\box95
\@tempa=\box96
\@tempa=\box97
\c@minrows=\count318
\c@columnbadness=\count319
\c@finalcolumnbadness=\count320
\last@try=\dimen190
\multicolovershoot=\dimen191
\multicolundershoot=\dimen192
\mult@nat@firstbox=\box98
\colbreak@box=\box99
\mc@col@check@num=\count321
)
(D:\MikTex\tex/latex/graphics\graphicx.sty
Package: graphicx 2021/09/16 v1.2d Enhanced LaTeX Graphics (DPC,SPQR)

(D:\MikTex\tex/latex/graphics\keyval.sty
Package: keyval 2014/10/28 v1.15 key=value parser (DPC)
\KV@toks@=\toks26
)
(D:\MikTex\tex/latex/graphics\graphics.sty
Package: graphics 2021/03/04 v1.4d Standard LaTeX Graphics (DPC,SPQR)

(D:\MikTex\tex/latex/graphics\trig.sty
Package: trig 2021/08/11 v1.11 sin cos tan (DPC)
)
(D:\MikTex\tex/latex/graphics-cfg\graphics.cfg
File: graphics.cfg 2016/06/04 v1.11 sample graphics configuration
)
Package graphics Info: Driver file: pdftex.def on input line 107.

(D:\MikTex\tex/latex/graphics-def\pdftex.def
File: pdftex.def 2020/10/05 v1.2a Graphics/color driver for pdftex
))
\Gin@req@height=\dimen193
\Gin@req@width=\dimen194
)
(D:\MikTex\tex/latex/wrapfig\wrapfig.sty
\wrapoverhang=\dimen195
\WF@size=\dimen196
\c@WF@wrappedlines=\count322
\WF@box=\box100
\WF@everypar=\toks27
Package: wrapfig 2003/01/31  v 3.6
)
(D:\MikTex\tex/latex/lipsum\lipsum.sty
(D:\MikTex\tex/latex/l3packages/l3keys2e\l3keys2e.sty
(D:\MikTex\tex/latex/l3kernel\expl3.sty
Package: expl3 2022-02-24 L3 programming layer (loader) 

(D:\MikTex\tex/latex/l3backend\l3backend-pdftex.def
File: l3backend-pdftex.def 2022-02-07 L3 backend support: PDF output (pdfTeX)
\l__color_backend_stack_int=\count323
\l__pdf_internal_box=\box101
))
Package: l3keys2e 2022-01-12 LaTeX2e option processing using LaTeX3 keys
)
Package: lipsum 2021-09-20 v2.7 150 paragraphs of Lorem Ipsum dummy text
\g__lipsum_par_int=\count324
\l__lipsum_a_int=\count325
\l__lipsum_b_int=\count326

(D:\MikTex\tex/latex/lipsum\lipsum.ltd.tex))
(D:\MikTex\tex/latex/minted\minted.sty
Package: minted 2021/12/24 v2.6 Yet another Pygments shim for LaTeX

(D:\MikTex\tex/latex/kvoptions\kvoptions.sty
Package: kvoptions 2020-10-07 v3.14 Key value format for package options (HO)

(D:\MikTex\tex/generic/ltxcmds\ltxcmds.sty
Package: ltxcmds 2020-05-10 v1.25 LaTeX kernel commands for general use (HO)
)
(D:\MikTex\tex/generic/kvsetkeys\kvsetkeys.sty
Package: kvsetkeys 2019/12/15 v1.18 Key value parser (HO)
))
(D:\MikTex\tex/latex/fvextra\fvextra.sty
Package: fvextra 2019/02/04 v1.4 fvextra - extensions and patches for fancyvrb
 (D:\MikTex\tex/latex/base\ifthen.sty
Package: ifthen 2020/11/24 v1.1c Standard LaTeX ifthen package (DPC)
)
(D:\MikTex\tex/latex/fancyvrb\fancyvrb.sty
Package: fancyvrb 2021/12/21 4.1b verbatim text (tvz,hv)
\FV@CodeLineNo=\count327
\FV@InFile=\read4
\FV@TabBox=\box102
\c@FancyVerbLine=\count328
\FV@StepNumber=\count329
\FV@OutFile=\write4
)
(D:\MikTex\tex/latex/upquote\upquote.sty
Package: upquote 2012/04/19 v1.3 upright-quote and grave-accent glyphs in verba
tim
 (D:\MikTex\tex/latex/base\textcomp.sty
Package: textcomp 2020/02/02 v2.0n Standard LaTeX package
)) (D:\MikTex\tex/latex/lineno\lineno.sty
Package: lineno 2005/11/02 line numbers on paragraphs v4.41
\linenopenalty=\count330
\output=\toks28
\linenoprevgraf=\count331
\linenumbersep=\dimen197
\linenumberwidth=\dimen198
\c@linenumber=\count332
\c@pagewiselinenumber=\count333
\c@LN@truepage=\count334
\c@internallinenumber=\count335
\c@internallinenumbers=\count336
\quotelinenumbersep=\dimen199
\bframerule=\dimen256
\bframesep=\dimen257
\bframebox=\box103
LaTeX Info: Redefining \\ on input line 3056.
)
\c@FV@TrueTabGroupLevel=\count337
\c@FV@TrueTabCounter=\count338
\FV@TabBox@Group=\box104
\FV@TmpLength=\skip264
\c@FV@HighlightLinesStart=\count339
\c@FV@HighlightLinesStop=\count340
\FV@LoopCount=\count341
\FV@NCharsBox=\box105
\FV@BreakIndent=\dimen258
\FV@BreakIndentNChars=\count342
\FV@BreakSymbolSepLeft=\dimen259
\FV@BreakSymbolSepLeftNChars=\count343
\FV@BreakSymbolSepRight=\dimen260
\FV@BreakSymbolSepRightNChars=\count344
\FV@BreakSymbolIndentLeft=\dimen261
\FV@BreakSymbolIndentLeftNChars=\count345
\FV@BreakSymbolIndentRight=\dimen262
\FV@BreakSymbolIndentRightNChars=\count346
\c@FancyVerbLineBreakLast=\count347
\FV@LineBox=\box106
\FV@LineIndentBox=\box107
\FV@LineWidth=\dimen263
) (D:\MikTex\tex/latex/tools\calc.sty
Package: calc 2017/05/25 v4.3 Infix arithmetic (KKT,FJ)
\calc@Acount=\count348
\calc@Bcount=\count349
\calc@Adimen=\dimen264
\calc@Bdimen=\dimen265
\calc@Askip=\skip265
\calc@Bskip=\skip266
LaTeX Info: Redefining \setlength on input line 80.
LaTeX Info: Redefining \addtolength on input line 81.
\calc@Ccount=\count350
\calc@Cskip=\skip267
) (D:\MikTex\tex/latex/tools\shellesc.sty
Package: shellesc 2019/11/08 v1.0c unified shell escape interface for LaTeX
Package shellesc Info: Unrestricted shell escape enabled on input line 75.
)
(D:\MikTex\tex/latex/ifplatform\ifplatform.sty
Package: ifplatform 2017/10/13 v0.4a Testing for the operating system

(D:\MikTex\tex/generic/pdftexcmds\pdftexcmds.sty
Package: pdftexcmds 2020-06-27 v0.33 Utility functions of pdfTeX for LuaTeX (HO
)

(D:\MikTex\tex/generic/infwarerr\infwarerr.sty
Package: infwarerr 2019/12/03 v1.5 Providing info/warning/error messages (HO)
)
Package pdftexcmds Info: \pdf@primitive is available.
Package pdftexcmds Info: \pdf@ifprimitive is available.
Package pdftexcmds Info: \pdfdraftmode found.
)
(D:\MikTex\tex/generic/catchfile\catchfile.sty
Package: catchfile 2019/12/09 v1.8 Catch the contents of a file (HO)

(D:\MikTex\tex/generic/etexcmds\etexcmds.sty
Package: etexcmds 2019/12/15 v1.7 Avoid name clashes with e-TeX commands (HO)
))
(D:\MikTex\tex/generic/iftex\ifluatex.sty
Package: ifluatex 2019/10/25 v1.5 ifluatex legacy package. Use iftex instead.
))
(D:\MikTex\tex/latex/xstring\xstring.sty
(D:\MikTex\tex/generic/xstring\xstring.tex
\integerpart=\count351
\decimalpart=\count352
)
Package: xstring 2021/07/21 v1.84 String manipulations (CT)
)
(D:\MikTex\tex/latex/framed\framed.sty
Package: framed 2011/10/22 v 0.96: framed or shaded text with page breaks
\OuterFrameSep=\skip268
\fb@frw=\dimen266
\fb@frh=\dimen267
)
(D:\MikTex\tex/latex/newfloat\newfloat.sty
Package: newfloat 2019/09/02 v1.1l Defining new floating environments (AR)
Package newfloat Info: `wrapfig' package detected.
)
\minted@appexistsfile=\read5
\minted@bgbox=\box108
\minted@code=\write5
\c@minted@FancyVerbLineTemp=\count353
\c@minted@pygmentizecounter=\count354
Package newfloat Info: New float `listing' with options `fileext=lol,placement=
tbp' on input line 1190.
\c@listing=\count355
Package newfloat Info: float type `listing'=4 on input line 1190.
\c@loldepth=\count356
)
runsystem(if not exist _minted-Rapport mkdir _minted-Rapport)...executed.


(D:\MikTex\tex/latex/xcolor\xcolor.sty
Package: xcolor 2021/10/31 v2.13 LaTeX color extensions (UK)

(D:\MikTex\tex/latex/graphics-cfg\color.cfg
File: color.cfg 2016/01/02 v1.6 sample color configuration
)
Package xcolor Info: Driver file: pdftex.def on input line 227.
Package xcolor Info: Model `cmy' substituted by `cmy0' on input line 1352.
Package xcolor Info: Model `hsb' substituted by `rgb' on input line 1356.
Package xcolor Info: Model `RGB' extended on input line 1368.
Package xcolor Info: Model `HTML' substituted by `rgb' on input line 1370.
Package xcolor Info: Model `Hsb' substituted by `hsb' on input line 1371.
Package xcolor Info: Model `tHsb' substituted by `hsb' on input line 1372.
Package xcolor Info: Model `HSB' substituted by `hsb' on input line 1373.
Package xcolor Info: Model `Gray' substituted by `gray' on input line 1374.
Package xcolor Info: Model `wave' substituted by `hsb' on input line 1375.
)
(D:\MikTex\tex/latex/multirow\multirow.sty
Package: multirow 2021/03/15 v2.8 Span multiple rows of a table
\multirow@colwidth=\skip269
\multirow@cntb=\count357
\multirow@dima=\skip270
\bigstrutjot=\dimen268
)
(D:\MikTex\tex/latex/colortbl\colortbl.sty
Package: colortbl 2020/01/04 v1.0e Color table columns (DPC)
\everycr=\toks29
\minrowclearance=\skip271
)
(D:\MikTex\tex/latex/float\float.sty
Package: float 2001/11/08 v1.3d Float enhancements (AL)
\c@float@type=\count358
\float@exts=\toks30
\float@box=\box109
\@float@everytoks=\toks31
\@floatcapt=\box110
) (D:\MikTex\tex/latex/amsmath\amsmath.sty
Package: amsmath 2021/10/15 v2.17l AMS math features
\@mathmargin=\skip272

For additional information on amsmath, use the `?' option.
(D:\MikTex\tex/latex/amsmath\amstext.sty
Package: amstext 2021/08/26 v2.01 AMS text

(D:\MikTex\tex/latex/amsmath\amsgen.sty
File: amsgen.sty 1999/11/30 v2.0 generic functions
\@emptytoks=\toks32
\ex@=\dimen269
))
(D:\MikTex\tex/latex/amsmath\amsbsy.sty
Package: amsbsy 1999/11/29 v1.2d Bold Symbols
\pmbraise@=\dimen270
)
(D:\MikTex\tex/latex/amsmath\amsopn.sty
Package: amsopn 2021/08/26 v2.02 operator names
)
\inf@bad=\count359
LaTeX Info: Redefining \frac on input line 234.
\uproot@=\count360
\leftroot@=\count361
LaTeX Info: Redefining \overline on input line 399.
\classnum@=\count362
\DOTSCASE@=\count363
LaTeX Info: Redefining \ldots on input line 496.
LaTeX Info: Redefining \dots on input line 499.
LaTeX Info: Redefining \cdots on input line 620.
\Mathstrutbox@=\box111
\strutbox@=\box112
\big@size=\dimen271
LaTeX Font Info:    Redeclaring font encoding OML on input line 743.
LaTeX Font Info:    Redeclaring font encoding OMS on input line 744.
\macc@depth=\count364
\c@MaxMatrixCols=\count365
\dotsspace@=\muskip16
\c@parentequation=\count366
\dspbrk@lvl=\count367
\tag@help=\toks33
\row@=\count368
\column@=\count369
\maxfields@=\count370
\andhelp@=\toks34
\eqnshift@=\dimen272
\alignsep@=\dimen273
\tagshift@=\dimen274
\tagwidth@=\dimen275
\totwidth@=\dimen276
\lineht@=\dimen277
\@envbody=\toks35
\multlinegap=\skip273
\multlinetaggap=\skip274
\mathdisplay@stack=\toks36
LaTeX Info: Redefining \[ on input line 2938.
LaTeX Info: Redefining \] on input line 2939.
)
(D:\MikTex\tex/latex/amsfonts\amssymb.sty
Package: amssymb 2013/01/14 v3.01 AMS font symbols

(D:\MikTex\tex/latex/amsfonts\amsfonts.sty
Package: amsfonts 2013/01/14 v3.01 Basic AMSFonts support
\symAMSa=\mathgroup4
\symAMSb=\mathgroup5
LaTeX Font Info:    Redeclaring math symbol \hbar on input line 98.
LaTeX Font Info:    Overwriting math alphabet `\mathfrak' in version `bold'
(Font)                  U/euf/m/n --> U/euf/b/n on input line 106.
))
(D:\MikTex\tex/latex/stmaryrd\stmaryrd.sty
Package: stmaryrd 1994/03/03 St Mary's Road symbol package
\symstmry=\mathgroup6
LaTeX Font Info:    Overwriting symbol font `stmry' in version `bold'
(Font)                  U/stmry/m/n --> U/stmry/b/n on input line 89.
)
(D:\MikTex\tex/latex/mathtools\mathtools.sty
Package: mathtools 2022/02/07 v1.28a mathematical typesetting tools

(D:\MikTex\tex/latex/mathtools\mhsetup.sty
Package: mhsetup 2021/03/18 v1.4 programming setup (MH)
)
\g_MT_multlinerow_int=\count371
\l_MT_multwidth_dim=\dimen278
\origjot=\skip275
\l_MT_shortvdotswithinadjustabove_dim=\dimen279
\l_MT_shortvdotswithinadjustbelow_dim=\dimen280
\l_MT_above_intertext_sep=\dimen281
\l_MT_below_intertext_sep=\dimen282
\l_MT_above_shortintertext_sep=\dimen283
\l_MT_below_shortintertext_sep=\dimen284
\xmathstrut@box=\box113
\xmathstrut@dim=\dimen285
)
(D:\MikTex\tex/latex/siunitx\siunitx.sty
Package: siunitx 2022-02-15 v3.0.49 A comprehensive (SI) units package
\l__siunitx_angle_tmp_dim=\dimen286
\l__siunitx_angle_marker_box=\box114
\l__siunitx_angle_unit_box=\box115
\l__siunitx_compound_count_int=\count372

(D:\MikTex\tex/latex/translations\translations.sty
Package: translations 2022/02/05 v1.12 internationalization of LaTeX2e packages
 (CN)
)
\l__siunitx_number_exponent_fixed_int=\count373
\l__siunitx_number_min_decimal_int=\count374
\l__siunitx_number_min_integer_int=\count375
\l__siunitx_number_round_precision_int=\count376
\l__siunitx_number_group_minimum_int=\count377
\l__siunitx_table_tmp_box=\box116
\l__siunitx_table_tmp_dim=\dimen287
\l__siunitx_table_column_width_dim=\dimen288
\l__siunitx_table_integer_box=\box117
\l__siunitx_table_decimal_box=\box118
\l__siunitx_table_before_box=\box119
\l__siunitx_table_after_box=\box120
\l__siunitx_table_before_dim=\dimen289
\l__siunitx_table_carry_dim=\dimen290
\l__siunitx_unit_tmp_int=\count378
\l__siunitx_unit_position_int=\count379
\l__siunitx_unit_total_int=\count380


Package siunitx Warning: Option "binary-units" has been removed in this
(siunitx)                release.

) (D:\MikTex\tex/latex/tools\varioref.sty
Package: varioref 2021/07/07 v1.6f package for extended references (FMi)
\c@vrcnt=\count381
)
(D:\MikTex\tex/latex/natbib\natbib.sty
Package: natbib 2010/09/13 8.31b (PWD, AO)
\bibhang=\skip276
\bibsep=\skip277
LaTeX Info: Redefining \cite on input line 694.
\c@NAT@ctr=\count382
)
(D:\MikTex\tex/latex/glossaries-extra\glossaries-extra.sty
Package: glossaries-extra 2021/11/22 v1.48 (NLCT)

(D:\MikTex\tex/latex/xkeyval\xkeyval.sty
Package: xkeyval 2020/11/20 v2.8 package option processing (HA)

(D:\MikTex\tex/generic/xkeyval\xkeyval.tex
(D:\MikTex\tex/generic/xkeyval\xkvutils.tex
\XKV@toks=\toks37
\XKV@tempa@toks=\toks38
)
\XKV@depth=\count383
File: xkeyval.tex 2014/12/03 v2.7a key=value parser (HA)
))
(D:\MikTex\tex/latex/glossaries/base\glossaries.sty
Package: glossaries 2021/11/01 v4.49 (NLCT)

(D:\MikTex\tex/latex/mfirstuc\mfirstuc.sty
Package: mfirstuc 2021/10/15 v2.07 (NLCT)
\@glsmfirst=\toks39
\@glsmrest=\toks40
) (D:\MikTex\tex/latex/xfor\xfor.sty
Package: xfor 2009/02/05 v1.05 (NLCT)
) (D:\MikTex\tex/latex/datatool\datatool-base.sty
Package: datatool-base 2019/09/27 v2.32 (NLCT)

(D:\MikTex\tex/latex/substr\substr.sty
Package: substr 2009/10/20 v1.2 Handle substrings
\c@su@anzahl=\count384
)
(D:\MikTex\tex/latex/datatool\datatool-fp.sty
Package: datatool-fp 2019/09/27 v2.32 (NLCT)
 (D:\MikTex\tex/latex/fp\fp.sty
Package: fp 1995/04/02

`Fixed Point Package', Version 0.8, April 2, 1995 (C) Michael Mehlich
(D:\MikTex\tex/latex/fp\defpattern.sty
Package: defpattern 1994/10/12
\actioncount=\count385
) (D:\MikTex\tex/latex/fp\fp-basic.sty
Package: fp-basic 1996/05/13
\FP@xs=\count386
\FP@xia=\count387
\FP@xib=\count388
\FP@xfa=\count389
\FP@xfb=\count390
\FP@rega=\count391
\FP@regb=\count392
\FP@regs=\count393
\FP@times=\count394
)
(D:\MikTex\tex/latex/fp\fp-addons.sty
Package: fp-addons 1995/03/15
) (D:\MikTex\tex/latex/fp\fp-snap.sty
Package: fp-snap 1995/04/05
)
(D:\MikTex\tex/latex/fp\fp-exp.sty
Package: fp-exp 1995/04/03
) (D:\MikTex\tex/latex/fp\fp-trigo.sty
Package: fp-trigo 1995/04/14
)
(D:\MikTex\tex/latex/fp\fp-pas.sty
Package: fp-pas 1994/08/29
) (D:\MikTex\tex/latex/fp\fp-random.sty
Package: fp-random 1995/02/23
\FPseed=\count395
)
(D:\MikTex\tex/latex/fp\fp-eqn.sty
Package: fp-eqn 1995/04/03
) (D:\MikTex\tex/latex/fp\fp-upn.sty
Package: fp-upn 1996/10/21
)
(D:\MikTex\tex/latex/fp\fp-eval.sty
Package: fp-eval 1995/04/03
)))
\@dtl@toks=\toks41
\@dtl@tmpcount=\count396
\dtl@tmplength=\skip278
\dtl@sortresult=\count397
\@dtl@numgrpsepcount=\count398
\@dtl@datatype=\count399
\dtl@codeA=\count400
\dtl@codeB=\count401
\@dtl@foreach@level=\count402
)
(D:\MikTex\tex/latex/glossaries/base\glossaries-compatible-307.sty
Package: glossaries-compatible-307 2021/11/01 v4.49 (NLCT)
)
(D:\MikTex\tex/latex/tracklang\tracklang.sty
Package: tracklang 2020/06/30 v1.5 (NLCT) Track Languages

(D:\MikTex\tex/generic/tracklang\tracklang.tex))
(D:\MikTex\tex/latex/glossaries-english\glossaries-english.ldf
File: glossaries-english.ldf 2014/11/23 v1.0
)
\gls@level=\count403
\@gls@tmpb=\toks42
\gls@tmplen=\skip279
\glskeylisttok=\toks43
\glslabeltok=\toks44
\glsshorttok=\toks45
\glslongtok=\toks46

(D:\MikTex\tex/latex/glossaries/styles\glossary-hypernav.sty
Package: glossary-hypernav 2021/11/01 v4.49 (NLCT)
)
(D:\MikTex\tex/latex/glossaries/styles\glossary-list.sty
Package: glossary-list 2021/11/01 v4.49 (NLCT)
\glslistdottedwidth=\skip280
)
(D:\MikTex\tex/latex/glossaries/styles\glossary-long.sty
Package: glossary-long 2021/11/01 v4.49 (NLCT)

(D:\MikTex\tex/latex/tools\longtable.sty
Package: longtable 2021-09-01 v4.17 Multi-page Table package (DPC)
\LTleft=\skip281
\LTright=\skip282
\LTpre=\skip283
\LTpost=\skip284
\LTchunksize=\count404
\LTcapwidth=\dimen291
\LT@head=\box121
\LT@firsthead=\box122
\LT@foot=\box123
\LT@lastfoot=\box124
\LT@gbox=\box125
\LT@cols=\count405
\LT@rows=\count406
\c@LT@tables=\count407
\c@LT@chunks=\count408
\LT@p@ftn=\toks47
)
\glsdescwidth=\skip285
\glspagelistwidth=\skip286
)
(D:\MikTex\tex/latex/glossaries/styles\glossary-super.sty
Package: glossary-super 2021/11/01 v4.49 (NLCT)

(D:\MikTex\tex/latex/supertabular\supertabular.sty
Package: supertabular 2020/02/02 v4.1g the supertabular environment
\c@tracingst=\count409
\ST@wd=\dimen292
\ST@rightskip=\skip287
\ST@leftskip=\skip288
\ST@parfillskip=\skip289
\ST@pageleft=\dimen293
\ST@headht=\dimen294
\ST@tailht=\dimen295
\ST@pagesofar=\dimen296
\ST@pboxht=\dimen297
\ST@lineht=\dimen298
\ST@prevht=\dimen299
\ST@toadd=\dimen300
\ST@dimen=\dimen301
\ST@pbox=\box126
))
(D:\MikTex\tex/latex/glossaries/styles\glossary-tree.sty
Package: glossary-tree 2021/11/01 v4.49 (NLCT)
\glstreeindent=\skip290
))
\@glsxtr@leveloffset=\count410
\glsxtrresourcecount=\count411
\@glsxtrnewgls@inner=\count412
\glsshortpltok=\toks48
\glslongpltok=\toks49
\mglselementindex=\count413
)
\glswrite=\write6
\glo@acronym@file=\write7
\openout7 = `Rapport.acn'.

Package glossaries Info: Writing glossary file Rapport.acn on input line 45.
 (glossary.tex)
(D:\MikTex\tex/latex/listings\listings.sty
\lst@mode=\count414
\lst@gtempboxa=\box127
\lst@token=\toks50
\lst@length=\count415
\lst@currlwidth=\dimen302
\lst@column=\count416
\lst@pos=\count417
\lst@lostspace=\dimen303
\lst@width=\dimen304
\lst@newlines=\count418
\lst@lineno=\count419
\lst@maxwidth=\dimen305

(D:\MikTex\tex/latex/listings\lstmisc.sty
File: lstmisc.sty 2020/03/24 1.8d (Carsten Heinz)
\c@lstnumber=\count420
\lst@skipnumbers=\count421
\lst@framebox=\box128
)
(D:\MikTex\tex/latex/listings\listings.cfg
File: listings.cfg 2020/03/24 1.8d listings configuration
))
Package: listings 2020/03/24 1.8d (Carsten Heinz)

(D:\MikTex\tex/latex/enumitem\enumitem.sty
Package: enumitem 2019/06/20 v3.9 Customized lists
\labelindent=\skip291
\enit@outerparindent=\dimen306
\enit@toks=\toks51
\enit@inbox=\box129
\enit@count@id=\count422
\enitdp@description=\count423
)
(D:\MikTex\tex/latex/pdfpages\pdfpages.sty
Package: pdfpages 2022/01/29 v0.5u Insert pages of external PDF documents (AM)

(D:\MikTex\tex/latex/eso-pic\eso-pic.sty
Package: eso-pic 2020/10/14 v3.0a eso-pic (RN)
\ESO@tempdima=\dimen307
\ESO@tempdimb=\dimen308
)
\AM@pagewidth=\dimen309
\AM@pageheight=\dimen310
\AM@fboxrule=\dimen311

(D:\MikTex\tex/latex/pdfpages\pppdftex.def
File: pppdftex.def 2022/01/29 v0.5u Pdfpages driver for pdfTeX (AM)
)
\pdfpages@includegraphics@status=\count424
\AM@pagebox=\box130
\AM@global@opts=\toks52
\AM@pagecnt=\count425
\AM@toc@title=\toks53
\c@AM@survey=\count426
\AM@templatesizebox=\box131
)
(D:\MikTex\tex/latex/fixme\fixme.sty
Package: fixme 2019/01/03 v4.5 Collaborative annotations for LaTeX2e
\lox@file=\read6
\c@fixmecount=\count427
\c@fxnotecount=\count428
\c@fxwarningcount=\count429
\c@fxerrorcount=\count430
\c@fxfatalcount=\count431
)

******************************************************
Stock height and width: 845.04684pt by 597.50787pt
Top and edge trims: 0pt and 0pt
Page height and width: 845.04684pt by 597.50787pt
Text height and width: 691.0003pt by 426pt
Spine and edge margins: 99.58464pt and 71.13188pt
Upper and lower margins: 71.13188pt and 82.91466pt
Headheight and headsep: 13.6pt and 19.8738pt
Footskip: 27.46295pt
Columnsep and columnseprule: 10pt and 0pt
Marginparsep and marginparwidth: 7pt and 57.13188pt
Sidecapsep and sidecapwidth: 7pt and 49pt
Sidebarhsep and sidebarwidth: 7pt and 49pt
Sidebarvsep and sidebartopsep: 13.6pt and 0pt
Sidebarheight: 594.32022pt
Sidefoothsep and sidefootwidth: 7pt and 49pt
Sidefootvsep and sidefootheight: 13.6pt and 594.32022pt
******************************************************

(D:\MikTex\tex/latex/hyperref\hyperref.sty
Package: hyperref 2022-02-21 v7.00n Hypertext links for LaTeX

(D:\MikTex\tex/generic/kvdefinekeys\kvdefinekeys.sty
Package: kvdefinekeys 2019-12-19 v1.6 Define keys (HO)
)
(D:\MikTex\tex/generic/pdfescape\pdfescape.sty
Package: pdfescape 2019/12/09 v1.15 Implements pdfTeX's escape features (HO)
)
(D:\MikTex\tex/latex/hycolor\hycolor.sty
Package: hycolor 2020-01-27 v1.10 Color options for hyperref/bookmark (HO)
)
(D:\MikTex\tex/latex/letltxmacro\letltxmacro.sty
Package: letltxmacro 2019/12/03 v1.6 Let assignment for LaTeX macros (HO)
)
(D:\MikTex\tex/latex/auxhook\auxhook.sty
Package: auxhook 2019-12-17 v1.6 Hooks for auxiliary files (HO)
)
\@linkdim=\dimen312
\Hy@linkcounter=\count432
\Hy@pagecounter=\count433

(D:\MikTex\tex/latex/hyperref\pd1enc.def
File: pd1enc.def 2022-02-21 v7.00n Hyperref: PDFDocEncoding definition (HO)
Now handling font encoding PD1 ...
... no UTF-8 mapping file for font encoding PD1
)
(D:\MikTex\tex/generic/intcalc\intcalc.sty
Package: intcalc 2019/12/15 v1.3 Expandable calculations with integers (HO)
)
\Hy@SavedSpaceFactor=\count434

(D:\MikTex\tex/latex/hyperref\puenc.def
File: puenc.def 2022-02-21 v7.00n Hyperref: PDF Unicode definition (HO)
Now handling font encoding PU ...
... no UTF-8 mapping file for font encoding PU
)
Package hyperref Info: Option `colorlinks' set `true' on input line 4018.
Package hyperref Info: Hyper figures OFF on input line 4137.
Package hyperref Info: Link nesting OFF on input line 4142.
Package hyperref Info: Hyper index ON on input line 4145.
Package hyperref Info: Plain pages OFF on input line 4152.
Package hyperref Info: Backreferencing OFF on input line 4157.
Package hyperref Info: Implicit mode ON; LaTeX internals redefined.
Package hyperref Info: Bookmarks ON on input line 4390.
\c@Hy@tempcnt=\count435
 (D:\MikTex\tex/latex/url\url.sty
\Urlmuskip=\muskip17
Package: url 2013/09/16  ver 3.4  Verb mode for urls, etc.
)
LaTeX Info: Redefining \url on input line 4749.
\XeTeXLinkMargin=\dimen313

(D:\MikTex\tex/generic/bitset\bitset.sty
Package: bitset 2019/12/09 v1.3 Handle bit-vector datatype (HO)

(D:\MikTex\tex/generic/bigintcalc\bigintcalc.sty
Package: bigintcalc 2019/12/15 v1.5 Expandable calculations on big integers (HO
)
))
\Fld@menulength=\count436
\Field@Width=\dimen314
\Fld@charsize=\dimen315
Package hyperref Info: Hyper figures OFF on input line 6027.
Package hyperref Info: Link nesting OFF on input line 6032.
Package hyperref Info: Hyper index ON on input line 6035.
Package hyperref Info: backreferencing OFF on input line 6042.
Package hyperref Info: Link coloring ON on input line 6045.
Package hyperref Info: Link coloring with OCG OFF on input line 6052.
Package hyperref Info: PDF/A mode OFF on input line 6057.
LaTeX Info: Redefining \ref on input line 6097.
LaTeX Info: Redefining \pageref on input line 6101.

(D:\MikTex\tex/latex/base\atbegshi-ltx.sty
Package: atbegshi-ltx 2021/01/10 v1.0c Emulation of the original atbegshi
package with kernel methods
)
\Hy@abspage=\count437
\c@Item=\count438
\c@Hfootnote=\count439
)
(D:\MikTex\tex/latex/memoir\memhfixc.sty
Package: memhfixc 2021/06/16 v1.19 nameref/hyperref package fixes for memoir cl
ass
\c@memhycontfloat=\count440
\c@Hpagenote=\count441
)
Package hyperref Info: Driver (autodetected): hpdftex.

(D:\MikTex\tex/latex/hyperref\hpdftex.def
File: hpdftex.def 2022-02-21 v7.00n Hyperref driver for pdfTeX

(D:\MikTex\tex/latex/base\atveryend-ltx.sty
Package: atveryend-ltx 2020/08/19 v1.0a Emulation of the original atveryend pac
kage
with kernel methods
)
\Fld@listcount=\count442
\c@bookmark@seq@number=\count443

(D:\MikTex\tex/latex/rerunfilecheck\rerunfilecheck.sty
Package: rerunfilecheck 2019/12/05 v1.9 Rerun checks for auxiliary files (HO)

(D:\MikTex\tex/generic/uniquecounter\uniquecounter.sty
Package: uniquecounter 2019/12/15 v1.4 Provide unlimited unique counter (HO)
)
Package uniquecounter Info: New unique counter `rerunfilecheck' on input line 2
86.
)
\Hy@SectionHShift=\skip292
)
Package hyperref Info: Option `colorlinks' set `true' on input line 94.

(D:\MikTex\tex/latex/listings\lstlang1.sty
File: lstlang1.sty 2020/03/24 1.8d listings language file
)
(D:\MikTex\tex/latex/todonotes\todonotes.sty
Package: todonotes 2021/06/04 v1.1.5 Todonotes source and documentation.
Package: todonotes 2021/06/04

(D:\MikTex\tex/latex/pgf/frontendlayer\tikz.sty
(D:\MikTex\tex/latex/pgf/basiclayer\pgf.sty
(D:\MikTex\tex/latex/pgf/utilities\pgfrcs.sty
(D:\MikTex\tex/generic/pgf/utilities\pgfutil-common.tex
\pgfutil@everybye=\toks54
\pgfutil@tempdima=\dimen316
\pgfutil@tempdimb=\dimen317

(D:\MikTex\tex/generic/pgf/utilities\pgfutil-common-lists.tex))
(D:\MikTex\tex/generic/pgf/utilities\pgfutil-latex.def
\pgfutil@abb=\box132
)
(D:\MikTex\tex/generic/pgf/utilities\pgfrcs.code.tex
(D:\MikTex\tex/generic/pgf\pgf.revision.tex)
Package: pgfrcs 2021/05/15 v3.1.9a (3.1.9a)
))
Package: pgf 2021/05/15 v3.1.9a (3.1.9a)

(D:\MikTex\tex/latex/pgf/basiclayer\pgfcore.sty
(D:\MikTex\tex/latex/pgf/systemlayer\pgfsys.sty
(D:\MikTex\tex/generic/pgf/systemlayer\pgfsys.code.tex
Package: pgfsys 2021/05/15 v3.1.9a (3.1.9a)

(D:\MikTex\tex/generic/pgf/utilities\pgfkeys.code.tex
\pgfkeys@pathtoks=\toks55
\pgfkeys@temptoks=\toks56

(D:\MikTex\tex/generic/pgf/utilities\pgfkeysfiltered.code.tex
\pgfkeys@tmptoks=\toks57
))
\pgf@x=\dimen318
\pgf@y=\dimen319
\pgf@xa=\dimen320
\pgf@ya=\dimen321
\pgf@xb=\dimen322
\pgf@yb=\dimen323
\pgf@xc=\dimen324
\pgf@yc=\dimen325
\pgf@xd=\dimen326
\pgf@yd=\dimen327
\w@pgf@writea=\write8
\r@pgf@reada=\read7
\c@pgf@counta=\count444
\c@pgf@countb=\count445
\c@pgf@countc=\count446
\c@pgf@countd=\count447
\t@pgf@toka=\toks58
\t@pgf@tokb=\toks59
\t@pgf@tokc=\toks60
\pgf@sys@id@count=\count448

(D:\MikTex\tex/generic/pgf/systemlayer\pgf.cfg
File: pgf.cfg 2021/05/15 v3.1.9a (3.1.9a)
)
Driver file for pgf: pgfsys-pdftex.def

(D:\MikTex\tex/generic/pgf/systemlayer\pgfsys-pdftex.def
File: pgfsys-pdftex.def 2021/05/15 v3.1.9a (3.1.9a)

(D:\MikTex\tex/generic/pgf/systemlayer\pgfsys-common-pdf.def
File: pgfsys-common-pdf.def 2021/05/15 v3.1.9a (3.1.9a)
)))
(D:\MikTex\tex/generic/pgf/systemlayer\pgfsyssoftpath.code.tex
File: pgfsyssoftpath.code.tex 2021/05/15 v3.1.9a (3.1.9a)
\pgfsyssoftpath@smallbuffer@items=\count449
\pgfsyssoftpath@bigbuffer@items=\count450
)
(D:\MikTex\tex/generic/pgf/systemlayer\pgfsysprotocol.code.tex
File: pgfsysprotocol.code.tex 2021/05/15 v3.1.9a (3.1.9a)
))
(D:\MikTex\tex/generic/pgf/basiclayer\pgfcore.code.tex
Package: pgfcore 2021/05/15 v3.1.9a (3.1.9a)

(D:\MikTex\tex/generic/pgf/math\pgfmath.code.tex
(D:\MikTex\tex/generic/pgf/math\pgfmathcalc.code.tex
(D:\MikTex\tex/generic/pgf/math\pgfmathutil.code.tex)
(D:\MikTex\tex/generic/pgf/math\pgfmathparser.code.tex
\pgfmath@dimen=\dimen328
\pgfmath@count=\count451
\pgfmath@box=\box133
\pgfmath@toks=\toks61
\pgfmath@stack@operand=\toks62
\pgfmath@stack@operation=\toks63
)
(D:\MikTex\tex/generic/pgf/math\pgfmathfunctions.code.tex
(D:\MikTex\tex/generic/pgf/math\pgfmathfunctions.basic.code.tex)
(D:\MikTex\tex/generic/pgf/math\pgfmathfunctions.trigonometric.code.tex)
(D:\MikTex\tex/generic/pgf/math\pgfmathfunctions.random.code.tex)
(D:\MikTex\tex/generic/pgf/math\pgfmathfunctions.comparison.code.tex)
(D:\MikTex\tex/generic/pgf/math\pgfmathfunctions.base.code.tex)
(D:\MikTex\tex/generic/pgf/math\pgfmathfunctions.round.code.tex)
(D:\MikTex\tex/generic/pgf/math\pgfmathfunctions.misc.code.tex)
(D:\MikTex\tex/generic/pgf/math\pgfmathfunctions.integerarithmetics.code.tex)))
(D:\MikTex\tex/generic/pgf/math\pgfmathfloat.code.tex
\c@pgfmathroundto@lastzeros=\count452
))
(D:\MikTex\tex/generic/pgf/math\pgfint.code.tex)
(D:\MikTex\tex/generic/pgf/basiclayer\pgfcorepoints.code.tex
File: pgfcorepoints.code.tex 2021/05/15 v3.1.9a (3.1.9a)
\pgf@picminx=\dimen329
\pgf@picmaxx=\dimen330
\pgf@picminy=\dimen331
\pgf@picmaxy=\dimen332
\pgf@pathminx=\dimen333
\pgf@pathmaxx=\dimen334
\pgf@pathminy=\dimen335
\pgf@pathmaxy=\dimen336
\pgf@xx=\dimen337
\pgf@xy=\dimen338
\pgf@yx=\dimen339
\pgf@yy=\dimen340
\pgf@zx=\dimen341
\pgf@zy=\dimen342
)
(D:\MikTex\tex/generic/pgf/basiclayer\pgfcorepathconstruct.code.tex
File: pgfcorepathconstruct.code.tex 2021/05/15 v3.1.9a (3.1.9a)
\pgf@path@lastx=\dimen343
\pgf@path@lasty=\dimen344
)
(D:\MikTex\tex/generic/pgf/basiclayer\pgfcorepathusage.code.tex
File: pgfcorepathusage.code.tex 2021/05/15 v3.1.9a (3.1.9a)
\pgf@shorten@end@additional=\dimen345
\pgf@shorten@start@additional=\dimen346
)
(D:\MikTex\tex/generic/pgf/basiclayer\pgfcorescopes.code.tex
File: pgfcorescopes.code.tex 2021/05/15 v3.1.9a (3.1.9a)
\pgfpic=\box134
\pgf@hbox=\box135
\pgf@layerbox@main=\box136
\pgf@picture@serial@count=\count453
)
(D:\MikTex\tex/generic/pgf/basiclayer\pgfcoregraphicstate.code.tex
File: pgfcoregraphicstate.code.tex 2021/05/15 v3.1.9a (3.1.9a)
\pgflinewidth=\dimen347
)
(D:\MikTex\tex/generic/pgf/basiclayer\pgfcoretransformations.code.tex
File: pgfcoretransformations.code.tex 2021/05/15 v3.1.9a (3.1.9a)
\pgf@pt@x=\dimen348
\pgf@pt@y=\dimen349
\pgf@pt@temp=\dimen350
)
(D:\MikTex\tex/generic/pgf/basiclayer\pgfcorequick.code.tex
File: pgfcorequick.code.tex 2021/05/15 v3.1.9a (3.1.9a)
)
(D:\MikTex\tex/generic/pgf/basiclayer\pgfcoreobjects.code.tex
File: pgfcoreobjects.code.tex 2021/05/15 v3.1.9a (3.1.9a)
)
(D:\MikTex\tex/generic/pgf/basiclayer\pgfcorepathprocessing.code.tex
File: pgfcorepathprocessing.code.tex 2021/05/15 v3.1.9a (3.1.9a)
)
(D:\MikTex\tex/generic/pgf/basiclayer\pgfcorearrows.code.tex
File: pgfcorearrows.code.tex 2021/05/15 v3.1.9a (3.1.9a)
\pgfarrowsep=\dimen351
)
(D:\MikTex\tex/generic/pgf/basiclayer\pgfcoreshade.code.tex
File: pgfcoreshade.code.tex 2021/05/15 v3.1.9a (3.1.9a)
\pgf@max=\dimen352
\pgf@sys@shading@range@num=\count454
\pgf@shadingcount=\count455
)
(D:\MikTex\tex/generic/pgf/basiclayer\pgfcoreimage.code.tex
File: pgfcoreimage.code.tex 2021/05/15 v3.1.9a (3.1.9a)

(D:\MikTex\tex/generic/pgf/basiclayer\pgfcoreexternal.code.tex
File: pgfcoreexternal.code.tex 2021/05/15 v3.1.9a (3.1.9a)
\pgfexternal@startupbox=\box137
))
(D:\MikTex\tex/generic/pgf/basiclayer\pgfcorelayers.code.tex
File: pgfcorelayers.code.tex 2021/05/15 v3.1.9a (3.1.9a)
)
(D:\MikTex\tex/generic/pgf/basiclayer\pgfcoretransparency.code.tex
File: pgfcoretransparency.code.tex 2021/05/15 v3.1.9a (3.1.9a)
)
(D:\MikTex\tex/generic/pgf/basiclayer\pgfcorepatterns.code.tex
File: pgfcorepatterns.code.tex 2021/05/15 v3.1.9a (3.1.9a)
)
(D:\MikTex\tex/generic/pgf/basiclayer\pgfcorerdf.code.tex
File: pgfcorerdf.code.tex 2021/05/15 v3.1.9a (3.1.9a)
)))
(D:\MikTex\tex/generic/pgf/modules\pgfmoduleshapes.code.tex
File: pgfmoduleshapes.code.tex 2021/05/15 v3.1.9a (3.1.9a)
\pgfnodeparttextbox=\box138
)
(D:\MikTex\tex/generic/pgf/modules\pgfmoduleplot.code.tex
File: pgfmoduleplot.code.tex 2021/05/15 v3.1.9a (3.1.9a)
)
(D:\MikTex\tex/latex/pgf/compatibility\pgfcomp-version-0-65.sty
Package: pgfcomp-version-0-65 2021/05/15 v3.1.9a (3.1.9a)
\pgf@nodesepstart=\dimen353
\pgf@nodesepend=\dimen354
)
(D:\MikTex\tex/latex/pgf/compatibility\pgfcomp-version-1-18.sty
Package: pgfcomp-version-1-18 2021/05/15 v3.1.9a (3.1.9a)
))
(D:\MikTex\tex/latex/pgf/utilities\pgffor.sty
(D:\MikTex\tex/latex/pgf/utilities\pgfkeys.sty
(D:\MikTex\tex/generic/pgf/utilities\pgfkeys.code.tex))
(D:\MikTex\tex/latex/pgf/math\pgfmath.sty
(D:\MikTex\tex/generic/pgf/math\pgfmath.code.tex))
(D:\MikTex\tex/generic/pgf/utilities\pgffor.code.tex
Package: pgffor 2021/05/15 v3.1.9a (3.1.9a)

(D:\MikTex\tex/generic/pgf/math\pgfmath.code.tex)
\pgffor@iter=\dimen355
\pgffor@skip=\dimen356
\pgffor@stack=\toks64
\pgffor@toks=\toks65
))
(D:\MikTex\tex/generic/pgf/frontendlayer/tikz\tikz.code.tex
Package: tikz 2021/05/15 v3.1.9a (3.1.9a)

(D:\MikTex\tex/generic/pgf/libraries\pgflibraryplothandlers.code.tex
File: pgflibraryplothandlers.code.tex 2021/05/15 v3.1.9a (3.1.9a)
\pgf@plot@mark@count=\count456
\pgfplotmarksize=\dimen357
)
\tikz@lastx=\dimen358
\tikz@lasty=\dimen359
\tikz@lastxsaved=\dimen360
\tikz@lastysaved=\dimen361
\tikz@lastmovetox=\dimen362
\tikz@lastmovetoy=\dimen363
\tikzleveldistance=\dimen364
\tikzsiblingdistance=\dimen365
\tikz@figbox=\box139
\tikz@figbox@bg=\box140
\tikz@tempbox=\box141
\tikz@tempbox@bg=\box142
\tikztreelevel=\count457
\tikznumberofchildren=\count458
\tikznumberofcurrentchild=\count459
\tikz@fig@count=\count460

(D:\MikTex\tex/generic/pgf/modules\pgfmodulematrix.code.tex
File: pgfmodulematrix.code.tex 2021/05/15 v3.1.9a (3.1.9a)
\pgfmatrixcurrentrow=\count461
\pgfmatrixcurrentcolumn=\count462
\pgf@matrix@numberofcolumns=\count463
)
\tikz@expandcount=\count464

(D:\MikTex\tex/generic/pgf/frontendlayer/tikz/libraries\tikzlibrarytopaths.code
.tex
File: tikzlibrarytopaths.code.tex 2021/05/15 v3.1.9a (3.1.9a)
)))
(D:\MikTex\tex/generic/pgf/frontendlayer/tikz/libraries\tikzlibrarypositioning.
code.tex
File: tikzlibrarypositioning.code.tex 2021/05/15 v3.1.9a (3.1.9a)
)
\c@@todonotes@numberoftodonotes=\count465
) (D:\MikTex\tex/latex/caption\caption.sty
Package: caption 2022/02/28 v3.6a Customizing captions (AR)

(D:\MikTex\tex/latex/caption\caption3.sty
Package: caption3 2022/02/28 v2.3a caption3 kernel (AR)
\caption@tempdima=\dimen366
\captionmargin=\dimen367
\caption@leftmargin=\dimen368
\caption@rightmargin=\dimen369
\caption@width=\dimen370
\caption@indent=\dimen371
\caption@parindent=\dimen372
\caption@hangindent=\dimen373
Package caption Info: memoir document class detected.

(D:\MikTex\tex/latex/caption\caption-memoir.sto
File: caption-memoir.sto 2022/02/28 v2.2a Adaption of the caption package to th
e memoir document class (AR)
))
\c@caption@flags=\count466
\c@continuedfloat=\count467
Package caption Info: changepage package is loaded.
\caption@adjustwidth@hsize=\dimen374
\caption@adjustwidth@linewidth=\dimen375
Package caption Info: float package is loaded.
Package caption Info: hyperref package is loaded.
Package caption Info: listings package is loaded.
Package caption Info: longtable package is loaded.

(D:\MikTex\tex/latex/caption\ltcaption.sty
Package: ltcaption 2021/01/08 v1.4c longtable captions (AR)
)
Package caption Info: supertabular package is loaded.
Package caption Info: wrapfig package is loaded.
)
(D:\MikTex\tex/lualatex/plantuml\plantuml.sty
Package: plantuml 2020/05/19 v0.3.1 Embed PlantUML diagrams in latex documents.


(D:\MikTex\tex/latex/l3packages/xparse\xparse.sty
Package: xparse 2022-01-12 L3 Experimental document command parser
)
(D:\MikTex\tex/latex/adjustbox\adjustbox.sty
Package: adjustbox 2020/08/19 v1.3 Adjusting TeX boxes (trim, clip, ...)

(D:\MikTex\tex/latex/adjustbox\adjcalc.sty
Package: adjcalc 2012/05/16 v1.1 Provides advanced setlength with multiple back
-ends (calc, etex, pgfmath)
)
(D:\MikTex\tex/latex/adjustbox\trimclip.sty
Package: trimclip 2020/08/19 v1.2 Trim and clip general TeX material

(D:\MikTex\tex/latex/collectbox\collectbox.sty
Package: collectbox 2012/05/17 v0.4b Collect macro arguments as boxes
\collectedbox=\box143
)
\tc@llx=\dimen376
\tc@lly=\dimen377
\tc@urx=\dimen378
\tc@ury=\dimen379
Package trimclip Info: Using driver 'tc-pdftex.def'.

(D:\MikTex\tex/latex/adjustbox\tc-pdftex.def
File: tc-pdftex.def 2019/01/04 v2.2 Clipping driver for pdftex
))
\adjbox@Width=\dimen380
\adjbox@Height=\dimen381
\adjbox@Depth=\dimen382
\adjbox@Totalheight=\dimen383
\adjbox@pwidth=\dimen384
\adjbox@pheight=\dimen385
\adjbox@pdepth=\dimen386
\adjbox@ptotalheight=\dimen387

(D:\MikTex\tex/latex/ifoddpage\ifoddpage.sty
Package: ifoddpage 2016/04/23 v1.1 Conditionals for odd/even page detection
\c@checkoddpage=\count468
LaTeX Info: Redefining \checkoddpage on input line 45.
)
(D:\MikTex\tex/latex/varwidth\varwidth.sty
Package: varwidth 2009/03/30 ver 0.92;  Variable-width minipages
\@vwid@box=\box144
\sift@deathcycles=\count469
\@vwid@loff=\dimen388
\@vwid@roff=\dimen389
))
\c@PlantUmlFigureNumber=\count470

(D:\MikTex\tex/latex/pythontex\pythontex.sty
Package: pythontex 2021/06/06 v0.18 execute and typeset Python code and other l
anguages

(D:\MikTex\tex/latex/pgfopts\pgfopts.sty
Package: pgfopts 2014/07/10 v2.1a LaTeX package options with pgfkeys
\pgfopts@list@add@a@toks=\toks66
\pgfopts@list@add@b@toks=\toks67
)
(D:\MikTex\tex/latex/currfile\currfile.sty
Package: currfile 2020/09/29 v0.7d Provides the file path elements of the curre
nt input file

(D:\MikTex\tex/latex/filehook\filehook.sty
Package: filehook 2020/09/29 v0.8a Hooks for input files

(D:\MikTex\tex/latex/filehook\filehook-2020.sty
Package: filehook-2020 2020/09/29 v0.8a Hooks for input files
))
\c@currfiledepth=\count471
)
\pytx@codefile=\write9
\openout9 = `Rapport.pytxcode'.

\c@pytx@FancyVerbLineTemp=\count472
\c@pytx@py@default@default=\count473
\c@pytx@pycon@default@default=\count474
\c@pytx@sympy@default@default=\count475
\c@pytx@sympycon@default@default=\count476
\c@pytx@pylab@default@default=\count477
\c@pytx@pylabcon@default@default=\count478
\c@pytx@bash@default@default=\count479
))
(D:\MikTex\tex/latex/svg\svg.sty
Package: svg 2020/11/26 v2.02k (include SVG pictures)
 (D:\MikTex\tex/latex/koma-script\scrbase.sty
Package: scrbase 2021/11/13 v3.35 KOMA-Script package (KOMA-Script-independent 
basics and keyval usage)

(D:\MikTex\tex/latex/koma-script\scrlfile.sty
Package: scrlfile 2021/11/13 v3.35 KOMA-Script package (file load hooks)

(D:\MikTex\tex/latex/koma-script\scrlfile-hook.sty
Package: scrlfile-hook 2021/11/13 v3.35 KOMA-Script package (using LaTeX hooks)


(D:\MikTex\tex/latex/koma-script\scrlogo.sty
Package: scrlogo 2021/11/13 v3.35 KOMA-Script package (logo)
)))
Applying: [2021/05/01] Usage of raw or classic option list on input line 252.
Already applied: [0000/00/00] Usage of raw or classic option list on input line
 368.
)
(D:\MikTex\tex/latex/trimspaces\trimspaces.sty
Package: trimspaces 2009/09/17 v1.1 Trim spaces around a token list
)
\c@svg@param@lastpage=\count480
\svg@box=\box145
\c@svg@param@currpage=\count481
)
(D:\MikTex\tex/latex/transparent\transparent.sty
Package: transparent 2019/11/29 v1.4 Transparency via pdfTeX's color stack (HO)

))
(D:\MikTex\tex/latex/commath\commath.sty) (tikz-uml.sty
Package: tikz-uml 2011/01/26

(D:\MikTex\tex/generic/pgf/frontendlayer/tikz/libraries\tikzlibrarybackgrounds.
code.tex
File: tikzlibrarybackgrounds.code.tex 2021/05/15 v3.1.9a (3.1.9a)
\pgf@layerbox@background=\box146
\pgf@layerboxsaved@background=\box147
)
(D:\MikTex\tex/generic/pgf/frontendlayer/tikz/libraries\tikzlibraryarrows.code.
tex
File: tikzlibraryarrows.code.tex 2021/05/15 v3.1.9a (3.1.9a)
 (D:\MikTex\tex/generic/pgf/libraries\pgflibraryarrows.code.tex
File: pgflibraryarrows.code.tex 2021/05/15 v3.1.9a (3.1.9a)
\arrowsize=\dimen390
))
(D:\MikTex\tex/generic/pgf/frontendlayer/tikz/libraries\tikzlibraryshapes.code.
tex
File: tikzlibraryshapes.code.tex 2021/05/15 v3.1.9a (3.1.9a)

(D:\MikTex\tex/generic/pgf/frontendlayer/tikz/libraries\tikzlibraryshapes.geome
tric.code.tex
File: tikzlibraryshapes.geometric.code.tex 2021/05/15 v3.1.9a (3.1.9a)

(D:\MikTex\tex/generic/pgf/libraries/shapes\pgflibraryshapes.geometric.code.tex
File: pgflibraryshapes.geometric.code.tex 2021/05/15 v3.1.9a (3.1.9a)
))
(D:\MikTex\tex/generic/pgf/frontendlayer/tikz/libraries\tikzlibraryshapes.misc.
code.tex
File: tikzlibraryshapes.misc.code.tex 2021/05/15 v3.1.9a (3.1.9a)

(D:\MikTex\tex/generic/pgf/libraries/shapes\pgflibraryshapes.misc.code.tex
File: pgflibraryshapes.misc.code.tex 2021/05/15 v3.1.9a (3.1.9a)
))
(D:\MikTex\tex/generic/pgf/frontendlayer/tikz/libraries\tikzlibraryshapes.symbo
ls.code.tex
File: tikzlibraryshapes.symbols.code.tex 2021/05/15 v3.1.9a (3.1.9a)

(D:\MikTex\tex/generic/pgf/libraries/shapes\pgflibraryshapes.symbols.code.tex
File: pgflibraryshapes.symbols.code.tex 2021/05/15 v3.1.9a (3.1.9a)
))
(D:\MikTex\tex/generic/pgf/frontendlayer/tikz/libraries\tikzlibraryshapes.arrow
s.code.tex
File: tikzlibraryshapes.arrows.code.tex 2021/05/15 v3.1.9a (3.1.9a)

(D:\MikTex\tex/generic/pgf/libraries/shapes\pgflibraryshapes.arrows.code.tex
File: pgflibraryshapes.arrows.code.tex 2021/05/15 v3.1.9a (3.1.9a)
))
(D:\MikTex\tex/generic/pgf/frontendlayer/tikz/libraries\tikzlibraryshapes.callo
uts.code.tex
(D:\MikTex\tex/generic/pgf/libraries/shapes\pgflibraryshapes.callouts.code.tex)
)
(D:\MikTex\tex/generic/pgf/frontendlayer/tikz/libraries\tikzlibraryshapes.multi
part.code.tex
File: tikzlibraryshapes.multipart.code.tex 2021/05/15 v3.1.9a (3.1.9a)

(D:\MikTex\tex/generic/pgf/libraries/shapes\pgflibraryshapes.multipart.code.tex
File: pgflibraryshapes.multipart.code.tex 2021/05/15 v3.1.9a (3.1.9a)
\pgfnodepartlowerbox=\box148
\pgfnodeparttwobox=\box149
\pgfnodepartthreebox=\box150
\pgfnodepartfourbox=\box151
\pgfnodeparttwentybox=\box152
\pgfnodepartnineteenbox=\box153
\pgfnodeparteighteenbox=\box154
\pgfnodepartseventeenbox=\box155
\pgfnodepartsixteenbox=\box156
\pgfnodepartfifteenbox=\box157
\pgfnodepartfourteenbox=\box158
\pgfnodepartthirteenbox=\box159
\pgfnodeparttwelvebox=\box160
\pgfnodepartelevenbox=\box161
\pgfnodeparttenbox=\box162
\pgfnodepartninebox=\box163
\pgfnodeparteightbox=\box164
\pgfnodepartsevenbox=\box165
\pgfnodepartsixbox=\box166
\pgfnodepartfivebox=\box167
)))
(D:\MikTex\tex/generic/pgf/frontendlayer/tikz/libraries\tikzlibraryfit.code.tex
File: tikzlibraryfit.code.tex 2021/05/15 v3.1.9a (3.1.9a)
)
(D:\MikTex\tex/generic/pgf/frontendlayer/tikz/libraries\tikzlibraryshadows.code
.tex
File: tikzlibraryshadows.code.tex 2021/05/15 v3.1.9a (3.1.9a)

(D:\MikTex\tex/generic/pgf/frontendlayer/tikz/libraries\tikzlibraryfadings.code
.tex
File: tikzlibraryfadings.code.tex 2021/05/15 v3.1.9a (3.1.9a)
 (D:\MikTex\tex/generic/pgf/libraries\pgflibraryfadings.code.tex
File: pgflibraryfadings.code.tex 2021/05/15 v3.1.9a (3.1.9a)
)))
(D:\MikTex\tex/generic/pgf/frontendlayer/tikz/libraries\tikzlibrarydecorations.
markings.code.tex
(D:\MikTex\tex/generic/pgf/frontendlayer/tikz/libraries\tikzlibrarydecorations.
code.tex (D:\MikTex\tex/generic/pgf/modules\pgfmoduledecorations.code.tex
\pgfdecoratedcompleteddistance=\dimen391
\pgfdecoratedremainingdistance=\dimen392
\pgfdecoratedinputsegmentcompleteddistance=\dimen393
\pgfdecoratedinputsegmentremainingdistance=\dimen394
\pgf@decorate@distancetomove=\dimen395
\pgf@decorate@repeatstate=\count482
\pgfdecorationsegmentamplitude=\dimen396
\pgfdecorationsegmentlength=\dimen397
)
\tikz@lib@dec@box=\box168
)
(D:\MikTex\tex/generic/pgf/libraries/decorations\pgflibrarydecorations.markings
.code.tex))
\c@tikzumlPackageLayers=\count483
\pgf@layerbox@package0=\box169
\pgf@layerboxsaved@package0=\box170
\pgf@layerbox@package1=\box171
\pgf@layerboxsaved@package1=\box172
\pgf@layerbox@package2=\box173
\pgf@layerboxsaved@package2=\box174
\pgf@layerbox@package3=\box175
\pgf@layerboxsaved@package3=\box176
\c@tikzumlFragmentLayers=\count484
\pgf@layerbox@fragment0=\box177
\pgf@layerboxsaved@fragment0=\box178
\pgf@layerbox@fragment1=\box179
\pgf@layerboxsaved@fragment1=\box180
\pgf@layerbox@fragment2=\box181
\pgf@layerboxsaved@fragment2=\box182
\pgf@layerbox@fragment3=\box183
\pgf@layerboxsaved@fragment3=\box184
\c@tikzumlStateLayers=\count485
\pgf@layerbox@state0=\box185
\pgf@layerboxsaved@state0=\box186
\pgf@layerbox@state1=\box187
\pgf@layerboxsaved@state1=\box188
\pgf@layerbox@state2=\box189
\pgf@layerboxsaved@state2=\box190
\pgf@layerbox@state3=\box191
\pgf@layerboxsaved@state3=\box192
\c@tikzumlComponentLayers=\count486
\pgf@layerbox@component0=\box193
\pgf@layerboxsaved@component0=\box194
\pgf@layerbox@component1=\box195
\pgf@layerboxsaved@component1=\box196
\pgf@layerbox@component2=\box197
\pgf@layerboxsaved@component2=\box198
\pgf@layerbox@component3=\box199
\pgf@layerboxsaved@component3=\box256
\pgf@layerbox@lifelines=\box257
\pgf@layerboxsaved@lifelines=\box258
\pgf@layerbox@activity=\box259
\pgf@layerboxsaved@activity=\box260
\pgf@layerbox@connections=\box261
\pgf@layerboxsaved@connections=\box262
\c@tikzumlPackageClassNum=\count487
\c@tikzumlPackageSubPackageNum=\count488
\c@tikzumlRelationNum=\count489
\c@tikzumlNoteNum=\count490
\c@pos=\count491
\c@posT=\count492
\c@posStereo=\count493
\c@tikzumlPackageLevel=\count494
\tikzumlNestingSymbolSize=\dimen398
\c@tikzumlSystemUseCaseNum=\count495
\c@tikzumlSystemLevel=\count496
\c@tikzumlUseCaseNum=\count497
\c@tikzumlActorNum=\count498
\c@tikzumlStateJoinNum=\count499
\c@tikzumlStateDecisionNum=\count500
\c@tikzumlStateInitialNum=\count501
\c@tikzumlStateFinalNum=\count502
\c@tikzumlStateEnterNum=\count503
\c@tikzumlStateExitNum=\count504
\c@tikzumlStateEndNum=\count505
\c@tikzumlStateHistoryNum=\count506
\c@tikzumlStateDeepHistoryNum=\count507
\c@tikzumlStateLevel=\count508
\c@tikzumlStateSubStateNum=\count509
\c@tikzumlStateText=\count510
\c@tikzumlObjectNum=\count511
\c@tikzumlCallLevel=\count512
\c@tikzumlCallNum=\count513
\c@tikzumlFragmentLevel=\count514
\c@tikzumlFragmentLevelNum=\count515
\c@tikzumlFragmentNum=\count516
\c@tikzumlFragmentPartNum=\count517
\c@tikzumlCallStartFragmentNum=\count518
\c@tikzumlCallEndFragmentNum=\count519
\c@tikzumlSDNodeNum=\count520
\tikzumlCall@xa=\skip293
\tikzumlCall@xb=\skip294
\c@tikzumlComponentLevel=\count521
\c@tikzumlComponentSubComponentNum=\count522
\c@tikzumlConnectorNum=\count523
\tikzuml@AC@xa=\skip295
\tikzuml@AC@ya=\skip296
\tikzuml@AC@xb=\skip297
\tikzuml@AC@yb=\skip298
\tikzuml@AC@xi=\skip299
\tikzuml@AC@yi=\skip300
\tikzuml@AC@xic=\skip301
\tikzuml@AC@yic=\skip302
\tikzuml@AC@xio=\skip303
\tikzuml@AC@yio=\skip304
\tikzuml@AC@AB=\skip305
\tikzuml@AC@lambda=\skip306
\tikzuml@AC@xtrc=\skip307
\tikzuml@AC@ytrc=\skip308
\tikzuml@AC@xtlc=\skip309
\tikzuml@AC@ytlc=\skip310
\tikzuml@AC@xblc=\skip311
\tikzuml@AC@yblc=\skip312
\tikzuml@AC@xbrc=\skip313
\tikzuml@AC@ybrc=\skip314
\tikzuml@AC@middleArm=\skip315
)
runsystem(for ^%i in (pygmentize.exe pygmentize.bat pygmentize.cmd) do set > Ra
pport.aex <nul: /p x=^%~$PATH:i>> Rapport.aex)...executed.

runsystem(del Rapport.aex)...executed.

 (Rapport.aux (0FrontPage/forside.aux)
No file 0FrontPage/titelblad.aux.
(0FrontPage/forord.aux) (1Introduction/Introduction.aux)
(2ProblemAnalysis/ProblemAnalysis.aux) (3Design/Design.aux)
(4Implementation/Implementation.aux) (5Test/Test.aux)
(6Discussion&Conclusion/Discussion.aux) (6Discussion&Conclusion/Conclusion.aux)
)
\openout1 = `Rapport.aux'.

LaTeX Font Info:    Checking defaults for OML/cmm/m/it on input line 7.
LaTeX Font Info:    ... okay on input line 7.
LaTeX Font Info:    Checking defaults for OMS/cmsy/m/n on input line 7.
LaTeX Font Info:    ... okay on input line 7.
LaTeX Font Info:    Checking defaults for OT1/cmr/m/n on input line 7.
LaTeX Font Info:    ... okay on input line 7.
LaTeX Font Info:    Checking defaults for T1/cmr/m/n on input line 7.
LaTeX Font Info:    ... okay on input line 7.
LaTeX Font Info:    Checking defaults for TS1/cmr/m/n on input line 7.
LaTeX Font Info:    ... okay on input line 7.
LaTeX Font Info:    Checking defaults for OMX/cmex/m/n on input line 7.
LaTeX Font Info:    ... okay on input line 7.
LaTeX Font Info:    Checking defaults for U/cmr/m/n on input line 7.
LaTeX Font Info:    ... okay on input line 7.
LaTeX Font Info:    Checking defaults for PD1/pdf/m/n on input line 7.
LaTeX Font Info:    ... okay on input line 7.
LaTeX Font Info:    Checking defaults for PU/pdf/m/n on input line 7.
LaTeX Font Info:    ... okay on input line 7.
 (D:\MikTex\tex/context/base/mkii\supp-pdf.mkii
[Loading MPS to PDF converter (version 2006.09.02).]
\scratchcounter=\count524
\scratchdimen=\dimen399
\scratchbox=\box263
\nofMPsegments=\count525
\nofMParguments=\count526
\everyMPshowfont=\toks68
\MPscratchCnt=\count527
\MPscratchDim=\dimen400
\MPnumerator=\count528
\makeMPintoPDFobject=\count529
\everyMPtoPDFconversion=\toks69
) (D:\MikTex\tex/latex/epstopdf-pkg\epstopdf-base.sty
Package: epstopdf-base 2020-01-24 v2.11 Base part for package epstopdf
Package epstopdf-base Info: Redefining graphics rule for `.eps' on input line 4
85.

(D:\MikTex\tex/latex/00miktex\epstopdf-sys.cfg
File: epstopdf-sys.cfg 2021/03/18 v2.0 Configuration of epstopdf for MiKTeX
))
Package newfloat Info: `float' package detected.

(D:\MikTex\tex/latex/translations/dicts\translations-basic-dictionary-english.t
rsl
File: translations-basic-dictionary-english.trsl (english translation file `tra
nslations-basic-dictionary')
)
Package translations Info: loading dictionary `translations-basic-dictionary' f
or `english'. on input line 7.
\c@lstlisting=\count530
 (D:\MikTex\tex/latex/pdflscape\pdflscape.sty
Package: pdflscape 2019/12/05 v0.12 Display of landscape pages in PDF (HO)

(D:\MikTex\tex/latex/graphics\lscape.sty
Package: lscape 2020/05/28 v3.02 Landscape Pages (DPC)
)
Package pdflscape Info: Auto-detected driver: pdftex on input line 81.
)
Package hyperref Info: Link coloring ON on input line 7.

(D:\MikTex\tex/latex/hyperref\nameref.sty
Package: nameref 2021-04-02 v2.47 Cross-referencing by name of section

(D:\MikTex\tex/latex/refcount\refcount.sty
Package: refcount 2019/12/15 v3.6 Data extraction from label references (HO)
)
(D:\MikTex\tex/generic/gettitlestring\gettitlestring.sty
Package: gettitlestring 2019/12/15 v1.6 Cleanup title references (HO)
)
\c@section@level=\count531
LaTeX Info: Redefining \Ref on input line 520.
)
Redoing nameref's sectioning
Redoing nameref's label
LaTeX Info: Redefining \nameref on input line 7.
LaTeX Info: Redefining \ref on input line 7.
LaTeX Info: Redefining \pageref on input line 7.
LaTeX Info: Redefining \nameref on input line 7.
\@outlinefile=\write10
\openout10 = `Rapport.out'.

LaTeX Info: Redefining \Ref on input line 7.
Package caption Info: Begin \AtBeginDocument code.
Package caption Info: End \AtBeginDocument code.
No file pythontex-files-Rapport/Rapport.pytxmcr.
Run PythonTeX to create it.

Package PythonTeX Warning: A "listing" environment already exists 
(PythonTeX)                PythonTeX will not create one 
(PythonTeX)                Use \setpythontexlistingenv to create a custom listi
ng environment on input line 7.

()

Package svg Warning: No version of Inkscape was detected by invoking
(svg)                `inkscape -V'
(svg)                so the Inkscape export will fail quite sure as the
(svg)                command is probably unknown to your OS. You could set
(svg)                `inkscapeversion=<version>' manually but this is very
(svg)                unlikely to work on input line 7.

\openout2 = `0FrontPage/forside.aux'.

(0FrontPage/forside.tex
Overfull \hbox (3.21295pt too wide) in paragraph at lines 11--15
 [] 
 []

)
Underfull \hbox (badness 10000) in paragraph at lines 24--13

 []

[1

\openout6 = `Rapport.ist'.



{C:/Users/kazim/AppData/Local/MiKTeX/fonts/map/pdftex/pdftex.map}]
\openout2 = `0FrontPage/titelblad.aux'.


No file 0FrontPage/titelblad.tex.
\openout2 = `0FrontPage/forord.aux'.

(0FrontPage/forord.tex (D:\MikTex\tex/latex/amsfonts\umsa.fd)
(D:\MikTex\tex/latex/amsfonts\umsb.fd) (D:\MikTex\tex/latex/stmaryrd\ustmry.fd)
(D:\MikTex\tex/latex/psnfss\t1pbk.fd)) [2







] (Rapport.acr) (Rapport.acr [3




])
[4


] (Rapport.toc) [5

]
\openout2 = `1Introduction/Introduction.aux'.

 (1Introduction/Introduction.tex) [1



]
\openout2 = `2ProblemAnalysis/ProblemAnalysis.aux'.


(2ProblemAnalysis/ProblemAnalysis.tex

Package natbib Warning: Citation `PLShutter' on page 2 undefined on input line 
20.


Package natbib Warning: Citation `AdobeShutter' on page 2 undefined on input li
ne 20.


Package natbib Warning: Citation `NikonISO' on page 2 undefined on input line 2
2.


Package natbib Warning: Citation `PLISO' on page 2 undefined on input line 22.

[2




]
Package hyperref Info: bookmark level for unknown todo defaults to 0 on input l
ine 27.


Package natbib Warning: Citation `book:Moeslund' on page 3 undefined on input l
ine 35.


Underfull \hbox (badness 10000) in paragraph at lines 35--36

 []


Underfull \hbox (badness 10000) in paragraph at lines 45--46

 []

[3]
Underfull \hbox (badness 10000) in paragraph at lines 47--48

 []

<8Misc/Pictures/Introduction/histogram_example.jpg, id=149, 322.95656pt x 178.4
1656pt>
File: 8Misc/Pictures/Introduction/histogram_example.jpg Graphic file (type jpg)

<use 8Misc/Pictures/Introduction/histogram_example.jpg>
Package pdftex.def Info: 8Misc/Pictures/Introduction/histogram_example.jpg  use
d on input line 51.
(pdftex.def)             Requested size: 213.0pt x 117.67088pt.

Package natbib Warning: Citation `book:Moeslund' on page 4 undefined on input l
ine 52.


Package natbib Warning: Citation `book:Moeslund' on page 4 undefined on input l
ine 52.


Package natbib Warning: Citation `book:Moeslund' on page 4 undefined on input l
ine 56.


Underfull \hbox (badness 10000) in paragraph at lines 56--57

 []


Underfull \hbox (badness 10000) in paragraph at lines 58--59

 []

<8Misc/Pictures/Introduction/img_lc_full.jpg, id=151, 895.84688pt x 275.52937pt
>
File: 8Misc/Pictures/Introduction/img_lc_full.jpg Graphic file (type jpg)
<use 8Misc/Pictures/Introduction/img_lc_full.jpg>
Package pdftex.def Info: 8Misc/Pictures/Introduction/img_lc_full.jpg  used on i
nput line 65.
(pdftex.def)             Requested size: 426.0pt x 131.02074pt.
[4 <./8Misc/Pictures/Introduction/histogram_example.jpg>]
<8Misc/Pictures/Introduction/img_hc_full.jpg, id=164, 895.84688pt x 275.52937pt
>
File: 8Misc/Pictures/Introduction/img_hc_full.jpg Graphic file (type jpg)
<use 8Misc/Pictures/Introduction/img_hc_full.jpg>
Package pdftex.def Info: 8Misc/Pictures/Introduction/img_hc_full.jpg  used on i
nput line 74.
(pdftex.def)             Requested size: 426.0pt x 131.02074pt.

Underfull \hbox (badness 10000) in paragraph at lines 85--86

 []


Package natbib Warning: Citation `Lossless49:online' on page 5 undefined on inp
ut line 87.


Package natbib Warning: Citation `LossyDat32:online' on page 5 undefined on inp
ut line 87.

[5 <./8Misc/Pictures/Introduction/img_lc_full.jpg> <./8Misc/Pictures/Introducti
on/img_hc_full.jpg>]
Underfull \hbox (badness 10000) in paragraph at lines 94--94
[]|\T1/cmr/bx/n/10.95 Compression
 []


Underfull \hbox (badness 10000) in paragraph at lines 94--94
[]|\T1/cmr/bx/n/10.95 Example
 []


Underfull \hbox (badness 10000) in paragraph at lines 96--96
[]|\T1/cmr/m/n/10.95 Long pro-cess-ing
 []


Underfull \hbox (badness 10000) in paragraph at lines 97--97
[]|\T1/cmr/m/n/10.95 High qual-ity im-age with
 []


Underfull \hbox (badness 10000) in paragraph at lines 99--99
[]|\T1/cmr/m/n/10.95 Minimal-to-none re-dun-dant
 []


Overfull \hbox (0.99939pt too wide) in paragraph at lines 91--101
 [][] 
 []


Package natbib Warning: Citation `book:Moeslund' on page 6 undefined on input l
ine 107.

<8Misc/Pictures/Introduction/edge_pixel.png, id=177, 413.29407pt x 225.09094pt>

File: 8Misc/Pictures/Introduction/edge_pixel.png Graphic file (type png)
<use 8Misc/Pictures/Introduction/edge_pixel.png>
Package pdftex.def Info: 8Misc/Pictures/Introduction/edge_pixel.png  used on in
put line 111.
(pdftex.def)             Requested size: 426.0pt x 232.01454pt.

Package natbib Warning: Citation `book:Moeslund' on page 6 undefined on input l
ine 114.


Package natbib Warning: Citation `book:Moeslund' on page 6 undefined on input l
ine 114.

[6]
<8Misc/Pictures/Introduction/edge_3d.png, id=188, 398.99063pt x 245.41687pt>
File: 8Misc/Pictures/Introduction/edge_3d.png Graphic file (type png)
<use 8Misc/Pictures/Introduction/edge_3d.png>
Package pdftex.def Info: 8Misc/Pictures/Introduction/edge_3d.png  used on input
 line 122.
(pdftex.def)             Requested size: 426.0pt x 262.04297pt.


Package natbib Warning: Citation `book:Moeslund' on page 7 undefined on input l
ine 123.


Package natbib Warning: Citation `book:Moeslund' on page 7 undefined on input l
ine 123.

[7 <./8Misc/Pictures/Introduction/edge_pixel.png> <./8Misc/Pictures/Introductio
n/edge_3d.png>]
<8Misc/Pictures/Introduction/Sobel.png, id=206, 202.50656pt x 124.21407pt>
File: 8Misc/Pictures/Introduction/Sobel.png Graphic file (type png)
<use 8Misc/Pictures/Introduction/Sobel.png>
Package pdftex.def Info: 8Misc/Pictures/Introduction/Sobel.png  used on input l
ine 171.
(pdftex.def)             Requested size: 170.3974pt x 104.52104pt.


Package natbib Warning: Citation `book:Moeslund' on page 8 undefined on input l
ine 172.


Package natbib Warning: Citation `book:Moeslund' on page 8 undefined on input l
ine 172.

[8 <./8Misc/Pictures/Introduction/Sobel.png>]) [9]
\openout2 = `3Design/Design.aux'.

 (3Design/Design.tex)
[10




]
\openout2 = `4Implementation/Implementation.aux'.

 (4Implementation/Implementation.tex) [11




]
\openout2 = `5Test/Test.aux'.

 (5Test/Test.tex) [12




]
\openout2 = `6Discussion&Conclusion/Discussion.aux'.


(6Discussion&Conclusion/Discussion.tex) [13




]
\openout2 = `6Discussion&Conclusion/Conclusion.aux'.


(6Discussion&Conclusion/Conclusion.tex) [14




]
No file Rapport.bbl.
No file Rapport.lox.

Package natbib Warning: There were undefined citations.

\tf@toc=\write11
\openout11 = `Rapport.toc'.

\tf@lox=\write12
\openout12 = `Rapport.lox'.

(Rapport.aux (0FrontPage/forside.aux) (0FrontPage/titelblad.aux)
(0FrontPage/forord.aux) (1Introduction/Introduction.aux)
(2ProblemAnalysis/ProblemAnalysis.aux) (3Design/Design.aux)
(4Implementation/Implementation.aux) (5Test/Test.aux)
(6Discussion&Conclusion/Discussion.aux) (6Discussion&Conclusion/Conclusion.aux)
)

LaTeX Warning: Label(s) may have changed. Rerun to get cross-references right.


Package rerunfilecheck Warning: File `Rapport.out' has changed.
(rerunfilecheck)                Rerun to get outlines right
(rerunfilecheck)                or use package `bookmark'.

Package rerunfilecheck Info: Checksums for `Rapport.out':
(rerunfilecheck)             Before: <no file>
(rerunfilecheck)             After:  4D5B07651F5A728A14FE07356A040F2F;1669.
 ) 
Here is how much of TeX's memory you used:
 53876 strings out of 478582
 1091629 string characters out of 2860759
 1726020 words of memory out of 3000000
 71003 multiletter control sequences out of 15000+600000
 487680 words of font info for 67 fonts, out of 8000000 for 9000
 1143 hyphenation exceptions out of 8191
 111i,15n,120p,1503b,913s stack positions out of 5000i,500n,10000p,200000b,80000s

pdfTeX warning (dest): name{figure.caption.31} has been referenced but does not
 exist, replaced by a fixed one


pdfTeX warning (dest): name{table.caption.28} has been referenced but does not 
exist, replaced by a fixed one


pdfTeX warning (dest): name{figure.caption.25} has been referenced but does not
 exist, replaced by a fixed one


pdfTeX warning (dest): name{glo:iso} has been referenced but does not exist, re
placed by a fixed one


pdfTeX warning (dest): name{glo:sdr} has been referenced but does not exist, re
placed by a fixed one


pdfTeX warning (dest): name{section*.6} has been referenced but does not exist,
 replaced by a fixed one


pdfTeX warning (dest): name{section*.4} has been referenced but does not exist,
 replaced by a fixed one


pdfTeX warning (dest): name{chapter*.2} has been referenced but does not exist,
 replaced by a fixed one

 <C:\Users\kazim\AppData\Local\MiKTeX\fonts/pk/ljfour/jknappen/ec/dpi600\ecbx10
00.pk> <C:\Users\kazim\AppData\Local\MiKTeX\fonts/pk/ljfour/jknappen/ec/dpi600\
ecrm1000.pk> <C:\Users\kazim\AppData\Local\MiKTeX\fonts/pk/ljfour/jknappen/ec/d
pi600\ecbi1000.pk> <C:\Users\kazim\AppData\Local\MiKTeX\fonts/pk/ljfour/jknappe
n/ec/dpi600\ecbx1200.pk> <C:\Users\kazim\AppData\Local\MiKTeX\fonts/pk/ljfour/j
knappen/ec/dpi600\ecbx1440.pk>{D:/MikTex/fonts/enc/dvips/base/8r.enc} <C:\Users
\kazim\AppData\Local\MiKTeX\fonts/pk/ljfour/jknappen/ec/dpi600\ecbx1095.pk> <C:
\Users\kazim\AppData\Local\MiKTeX\fonts/pk/ljfour/jknappen/ec/dpi600\ecrm1095.p
k> <C:\Users\kazim\AppData\Local\MiKTeX\fonts/pk/ljfour/jknappen/ec/dpi600\eccc
1440.pk><D:/MikTex/fonts/type1/public/amsfonts/cm/cmex10.pfb><D:/MikTex/fonts/t
ype1/public/amsfonts/cm/cmmi10.pfb><D:/MikTex/fonts/type1/public/amsfonts/cm/cm
mi8.pfb><D:/MikTex/fonts/type1/public/amsfonts/cm/cmr10.pfb><D:/MikTex/fonts/ty
pe1/public/amsfonts/cm/cmr8.pfb><D:/MikTex/fonts/type1/public/amsfonts/cm/cmsy1
0.pfb><D:/MikTex/fonts/type1/urw/bookman/ubkd8a.pfb><D:/MikTex/fonts/type1/urw/
bookman/ubkl8a.pfb>
Output written on Rapport.pdf (19 pages, 788393 bytes).
PDF statistics:
 596 PDF objects out of 1000 (max. 8388607)
 88 named destinations out of 1000 (max. 500000)
 139 words of extra memory for PDF output out of 10000 (max. 10000000)

